{"@t":"2025-07-10T22:25:28.4008839Z","@mt":"Seq {SeqVersion} running on OS {OSCaption}","SeqVersion":"2025.2.14199","OSCaption":"Ubuntu 22.04.5 LTS","SourceContext":"Seq.Diagnostics.Logging.EnvironmentInformationWriter"}
{"@t":"2025-07-10T22:25:28.6553890Z","@mt":"Seq listening on {ListenUris}","ListenUris":["http://localhost/","https://localhost/","http://localhost:5341/","https://localhost:45341/"]}
{"@t":"2025-07-10T22:25:28.6610609Z","@mt":"Opening event store at {StreamPath}","StreamPath":"/data/Stream/stream.flare","SourceContext":"Seq.Engine.Cluster.NativeStorage"}
{"@t":"2025-07-10T22:25:28.6851145Z","@mt":"Opening metastore {MetastorePath}","MetastorePath":"/data/Documents/metastore.flare","SourceContext":"Seq.Metastore.Native.NativeDocumentStore"}
{"@t":"2025-07-10T22:25:28.6933700Z","@mt":"Initializing a new metastore","SourceContext":"Seq.Metastore.Native.NativeDocumentStore"}
{"@t":"2025-07-10T22:25:28.7227178Z","@mt":"Closing metastore","SourceContext":"Seq.Metastore.Native.NativeDocumentStore"}
{"@t":"2025-07-10T22:25:28.7234838Z","@mt":"Closing event store","SourceContext":"Seq.Engine.Cluster.NativeStorage"}
{"@t":"2025-07-10T22:25:28.7246617Z","@mt":"Error running the server application","@l":"Fatal","@x":"Autofac.Core.DependencyResolutionException: An exception was thrown while activating λ:Seq.Cluster.SeqNode.\n ---> System.InvalidOperationException: No default admin password was supplied; set `firstRun.adminPassword` or `SEQ_FIRSTRUN_ADMINPASSWORD`, or opt out of authentication using `firstRun.noAuthentication`/`SEQ_FIRSTRUN_NOAUTHENTICATION`.\n   at Seq.Data.Users.Migrations.CreateAdminUser.Apply(DocumentSession session)\n   at Seq.Metastore.Native.NativeDocumentStore.Migrate(MigrationList migrations)\n   at Seq.Cluster.SeqNode.Initialize(IComponentContext ctx, SeqConfig config, StorageLayout layout, String instanceName)\n   at Seq.Server.SeqServerModule.<Load>b__9_14(IComponentContext c)\n   at Autofac.RegistrationExtensions.<>c__DisplayClass41_0`1.<Register>b__0(IComponentContext c, IEnumerable`1 p)\n   at Autofac.Builder.RegistrationBuilder.<>c__DisplayClass0_0`1.<ForDelegate>b__0(IComponentContext c, IEnumerable`1 p)\n   at Autofac.Core.Activators.Delegate.DelegateActivator.ActivateInstance(IComponentContext context, IEnumerable`1 parameters)\n   at Autofac.Core.Activators.Delegate.DelegateActivator.<ConfigurePipeline>b__2_0(ResolveRequestContext context, Action`1 next)\n   at Autofac.Core.Resolving.Middleware.DelegateMiddleware.Execute(ResolveRequestContext context, Action`1 next)\n   at Autofac.Core.Resolving.Pipeline.ResolvePipelineBuilder.<>c__DisplayClass14_0.<BuildPipeline>b__1(ResolveRequestContext context)\n   at Autofac.Core.Resolving.Middleware.DisposalTrackingMiddleware.Execute(ResolveRequestContext context, Action`1 next)\n   at Autofac.Core.Resolving.Pipeline.ResolvePipelineBuilder.<>c__DisplayClass14_0.<BuildPipeline>b__1(ResolveRequestContext context)\n   at Autofac.Extensions.DependencyInjection.KeyedServiceMiddleware.Execute(ResolveRequestContext context, Action`1 next)\n   at Autofac.Core.Resolving.Pipeline.ResolvePipelineBuilder.<>c__DisplayClass14_0.<BuildPipeline>b__1(ResolveRequestContext context)\n   at Autofac.Core.Resolving.Middleware.ActivatorErrorHandlingMiddleware.Execute(ResolveRequestContext context, Action`1 next)\n   --- End of inner exception stack trace ---\n   at Autofac.Core.Resolving.Middleware.ActivatorErrorHandlingMiddleware.Execute(ResolveRequestContext context, Action`1 next)\n   at Autofac.Core.Resolving.Pipeline.ResolvePipelineBuilder.<>c__DisplayClass14_0.<BuildPipeline>b__1(ResolveRequestContext context)\n   at Autofac.Core.Pipeline.ResolvePipeline.Invoke(ResolveRequestContext context)\n   at Autofac.Core.Resolving.Middleware.RegistrationPipelineInvokeMiddleware.Execute(ResolveRequestContext context, Action`1 next)\n   at Autofac.Core.Resolving.Pipeline.ResolvePipelineBuilder.<>c__DisplayClass14_0.<BuildPipeline>b__1(ResolveRequestContext context)\n   at Autofac.Core.Resolving.Middleware.SharingMiddleware.<>c__DisplayClass5_0.<Execute>b__0()\n   at Autofac.Core.Lifetime.LifetimeScope.CreateSharedInstance(Guid id, Func`1 creator)\n   at Autofac.Core.Lifetime.LifetimeScope.CreateSharedInstance(Guid primaryId, Nullable`1 qualifyingId, Func`1 creator)\n   at Autofac.Core.Resolving.Middleware.SharingMiddleware.Execute(ResolveRequestContext context, Action`1 next)\n   at Autofac.Core.Resolving.Pipeline.ResolvePipelineBuilder.<>c__DisplayClass14_0.<BuildPipeline>b__1(ResolveRequestContext context)\n   at Autofac.Core.Resolving.Pipeline.ResolvePipelineBuilder.<>c__DisplayClass14_0.<BuildPipeline>b__1(ResolveRequestContext context)\n   at Autofac.Core.Resolving.Middleware.CircularDependencyDetectorMiddleware.Execute(ResolveRequestContext context, Action`1 next)\n   at Autofac.Core.Resolving.Pipeline.ResolvePipelineBuilder.<>c__DisplayClass14_0.<BuildPipeline>b__1(ResolveRequestContext context)\n   at Autofac.Core.Pipeline.ResolvePipeline.Invoke(ResolveRequestContext context)\n   at Autofac.Core.Resolving.ResolveOperation.GetOrCreateInstance(ISharingLifetimeScope currentOperationScope, ResolveRequest& request)\n   at Autofac.Core.Resolving.ResolveOperation.ExecuteOperation(ResolveRequest& request)\n   at Autofac.Core.Resolving.ResolveOperation.Execute(ResolveRequest& request)\n   at Autofac.Core.Lifetime.LifetimeScope.ResolveComponent(ResolveRequest& request)\n   at Autofac.Core.Container.ResolveComponent(ResolveRequest& request)\n   at Autofac.Core.Container.Autofac.IComponentContext.ResolveComponent(ResolveRequest& request)\n   at Autofac.ResolutionExtensions.TryResolveService(IComponentContext context, Service service, IEnumerable`1 parameters, Object& instance)\n   at Autofac.ResolutionExtensions.ResolveService(IComponentContext context, Service service, IEnumerable`1 parameters)\n   at Autofac.ResolutionExtensions.Resolve(IComponentContext context, Type serviceType, IEnumerable`1 parameters)\n   at Autofac.ResolutionExtensions.Resolve[TService](IComponentContext context, IEnumerable`1 parameters)\n   at Autofac.ResolutionExtensions.Resolve[TService](IComponentContext context)\n   at Seq.ServiceProcess.ServerService.<RunImplAsync>b__11_0(CancellationToken _)\n   at Seq.Engine.Workers.WorkerPool.<>c__DisplayClass7_0`1.<Run>g__DoWork|0()\n   at System.Threading.Tasks.Task`1.InnerInvoke()\n   at System.Threading.ExecutionContext.RunFromThreadPoolDispatchLoop(Thread threadPoolThread, ExecutionContext executionContext, ContextCallback callback, Object state)\n--- End of stack trace from previous location ---\n   at System.Threading.ExecutionContext.RunFromThreadPoolDispatchLoop(Thread threadPoolThread, ExecutionContext executionContext, ContextCallback callback, Object state)\n   at System.Threading.Tasks.Task.ExecuteWithThreadLocal(Task& currentTaskSlot, Thread threadPoolThread)\n--- End of stack trace from previous location ---\n   at Seq.ServiceProcess.ServerService.RunImplAsync()"}
{"@t":"2025-07-10T22:25:28.7282726Z","@mt":"Failed to start server","@l":"Fatal","@x":"Autofac.Core.DependencyResolutionException: An exception was thrown while activating λ:Seq.Cluster.SeqNode.\n ---> System.InvalidOperationException: No default admin password was supplied; set `firstRun.adminPassword` or `SEQ_FIRSTRUN_ADMINPASSWORD`, or opt out of authentication using `firstRun.noAuthentication`/`SEQ_FIRSTRUN_NOAUTHENTICATION`.\n   at Seq.Data.Users.Migrations.CreateAdminUser.Apply(DocumentSession session)\n   at Seq.Metastore.Native.NativeDocumentStore.Migrate(MigrationList migrations)\n   at Seq.Cluster.SeqNode.Initialize(IComponentContext ctx, SeqConfig config, StorageLayout layout, String instanceName)\n   at Seq.Server.SeqServerModule.<Load>b__9_14(IComponentContext c)\n   at Autofac.RegistrationExtensions.<>c__DisplayClass41_0`1.<Register>b__0(IComponentContext c, IEnumerable`1 p)\n   at Autofac.Builder.RegistrationBuilder.<>c__DisplayClass0_0`1.<ForDelegate>b__0(IComponentContext c, IEnumerable`1 p)\n   at Autofac.Core.Activators.Delegate.DelegateActivator.ActivateInstance(IComponentContext context, IEnumerable`1 parameters)\n   at Autofac.Core.Activators.Delegate.DelegateActivator.<ConfigurePipeline>b__2_0(ResolveRequestContext context, Action`1 next)\n   at Autofac.Core.Resolving.Middleware.DelegateMiddleware.Execute(ResolveRequestContext context, Action`1 next)\n   at Autofac.Core.Resolving.Pipeline.ResolvePipelineBuilder.<>c__DisplayClass14_0.<BuildPipeline>b__1(ResolveRequestContext context)\n   at Autofac.Core.Resolving.Middleware.DisposalTrackingMiddleware.Execute(ResolveRequestContext context, Action`1 next)\n   at Autofac.Core.Resolving.Pipeline.ResolvePipelineBuilder.<>c__DisplayClass14_0.<BuildPipeline>b__1(ResolveRequestContext context)\n   at Autofac.Extensions.DependencyInjection.KeyedServiceMiddleware.Execute(ResolveRequestContext context, Action`1 next)\n   at Autofac.Core.Resolving.Pipeline.ResolvePipelineBuilder.<>c__DisplayClass14_0.<BuildPipeline>b__1(ResolveRequestContext context)\n   at Autofac.Core.Resolving.Middleware.ActivatorErrorHandlingMiddleware.Execute(ResolveRequestContext context, Action`1 next)\n   --- End of inner exception stack trace ---\n   at Autofac.Core.Resolving.Middleware.ActivatorErrorHandlingMiddleware.Execute(ResolveRequestContext context, Action`1 next)\n   at Autofac.Core.Resolving.Pipeline.ResolvePipelineBuilder.<>c__DisplayClass14_0.<BuildPipeline>b__1(ResolveRequestContext context)\n   at Autofac.Core.Pipeline.ResolvePipeline.Invoke(ResolveRequestContext context)\n   at Autofac.Core.Resolving.Middleware.RegistrationPipelineInvokeMiddleware.Execute(ResolveRequestContext context, Action`1 next)\n   at Autofac.Core.Resolving.Pipeline.ResolvePipelineBuilder.<>c__DisplayClass14_0.<BuildPipeline>b__1(ResolveRequestContext context)\n   at Autofac.Core.Resolving.Middleware.SharingMiddleware.<>c__DisplayClass5_0.<Execute>b__0()\n   at Autofac.Core.Lifetime.LifetimeScope.CreateSharedInstance(Guid id, Func`1 creator)\n   at Autofac.Core.Lifetime.LifetimeScope.CreateSharedInstance(Guid primaryId, Nullable`1 qualifyingId, Func`1 creator)\n   at Autofac.Core.Resolving.Middleware.SharingMiddleware.Execute(ResolveRequestContext context, Action`1 next)\n   at Autofac.Core.Resolving.Pipeline.ResolvePipelineBuilder.<>c__DisplayClass14_0.<BuildPipeline>b__1(ResolveRequestContext context)\n   at Autofac.Core.Resolving.Pipeline.ResolvePipelineBuilder.<>c__DisplayClass14_0.<BuildPipeline>b__1(ResolveRequestContext context)\n   at Autofac.Core.Resolving.Middleware.CircularDependencyDetectorMiddleware.Execute(ResolveRequestContext context, Action`1 next)\n   at Autofac.Core.Resolving.Pipeline.ResolvePipelineBuilder.<>c__DisplayClass14_0.<BuildPipeline>b__1(ResolveRequestContext context)\n   at Autofac.Core.Pipeline.ResolvePipeline.Invoke(ResolveRequestContext context)\n   at Autofac.Core.Resolving.ResolveOperation.GetOrCreateInstance(ISharingLifetimeScope currentOperationScope, ResolveRequest& request)\n   at Autofac.Core.Resolving.ResolveOperation.ExecuteOperation(ResolveRequest& request)\n   at Autofac.Core.Resolving.ResolveOperation.Execute(ResolveRequest& request)\n   at Autofac.Core.Lifetime.LifetimeScope.ResolveComponent(ResolveRequest& request)\n   at Autofac.Core.Container.ResolveComponent(ResolveRequest& request)\n   at Autofac.Core.Container.Autofac.IComponentContext.ResolveComponent(ResolveRequest& request)\n   at Autofac.ResolutionExtensions.TryResolveService(IComponentContext context, Service service, IEnumerable`1 parameters, Object& instance)\n   at Autofac.ResolutionExtensions.ResolveService(IComponentContext context, Service service, IEnumerable`1 parameters)\n   at Autofac.ResolutionExtensions.Resolve(IComponentContext context, Type serviceType, IEnumerable`1 parameters)\n   at Autofac.ResolutionExtensions.Resolve[TService](IComponentContext context, IEnumerable`1 parameters)\n   at Autofac.ResolutionExtensions.Resolve[TService](IComponentContext context)\n   at Seq.ServiceProcess.ServerService.<RunImplAsync>b__11_0(CancellationToken _)\n   at Seq.Engine.Workers.WorkerPool.<>c__DisplayClass7_0`1.<Run>g__DoWork|0()\n   at System.Threading.Tasks.Task`1.InnerInvoke()\n   at System.Threading.ExecutionContext.RunFromThreadPoolDispatchLoop(Thread threadPoolThread, ExecutionContext executionContext, ContextCallback callback, Object state)\n--- End of stack trace from previous location ---\n   at System.Threading.ExecutionContext.RunFromThreadPoolDispatchLoop(Thread threadPoolThread, ExecutionContext executionContext, ContextCallback callback, Object state)\n   at System.Threading.Tasks.Task.ExecuteWithThreadLocal(Task& currentTaskSlot, Thread threadPoolThread)\n--- End of stack trace from previous location ---\n   at Seq.ServiceProcess.ServerService.RunImplAsync()\n   at Seq.Cli.RunCommand.RunStandardIOAsync(Func`1 bootstrap, TextWriter cout)"}
{"@t":"2025-07-10T22:26:56.9065645Z","@mt":"Seq {SeqVersion} running on OS {OSCaption}","SeqVersion":"2025.2.14199","OSCaption":"Ubuntu 22.04.5 LTS","SourceContext":"Seq.Diagnostics.Logging.EnvironmentInformationWriter"}
{"@t":"2025-07-10T22:26:57.1731460Z","@mt":"Seq listening on {ListenUris}","ListenUris":["http://localhost/","https://localhost/","http://localhost:5341/","https://localhost:45341/"]}
{"@t":"2025-07-10T22:26:57.1777803Z","@mt":"Opening event store at {StreamPath}","StreamPath":"/data/Stream/stream.flare","SourceContext":"Seq.Engine.Cluster.NativeStorage"}
{"@t":"2025-07-10T22:26:57.1979049Z","@mt":"Opening metastore {MetastorePath}","MetastorePath":"/data/Documents/metastore.flare","SourceContext":"Seq.Metastore.Native.NativeDocumentStore"}
{"@t":"2025-07-10T22:26:57.2232457Z","@mt":"Applying migration {MigrationName}","MigrationName":"Create the Administrator account","SourceContext":"Seq.Metastore.Native.NativeDocumentStore"}
{"@t":"2025-07-10T22:26:57.2272902Z","@mt":"Enabling username/password authentication, and using the supplied default admin password"}
{"@t":"2025-07-10T22:26:57.5309772Z","@mt":"Applying migration {MigrationName}","MigrationName":"Configure the public NuGet feed","SourceContext":"Seq.Metastore.Native.NativeDocumentStore"}
{"@t":"2025-07-10T22:26:57.5338125Z","@mt":"Applying migration {MigrationName}","MigrationName":"Configure default SQL queries","SourceContext":"Seq.Metastore.Native.NativeDocumentStore"}
{"@t":"2025-07-10T22:26:57.5351482Z","@mt":"Applying migration {MigrationName}","MigrationName":"Make default queries visible to all users","SourceContext":"Seq.Metastore.Native.NativeDocumentStore"}
{"@t":"2025-07-10T22:26:57.5387426Z","@mt":"Applying migration {MigrationName}","MigrationName":"Configure default signals","SourceContext":"Seq.Metastore.Native.NativeDocumentStore"}
{"@t":"2025-07-10T22:26:57.5408042Z","@mt":"Applying migration {MigrationName}","MigrationName":"Make default signals visible to all users","SourceContext":"Seq.Metastore.Native.NativeDocumentStore"}
{"@t":"2025-07-10T22:26:57.5436998Z","@mt":"Applying migration {MigrationName}","MigrationName":"Create the default API key","SourceContext":"Seq.Metastore.Native.NativeDocumentStore"}
{"@t":"2025-07-10T22:26:57.5456629Z","@mt":"Applying migration {MigrationName}","MigrationName":"Apply groupings to initial signals","SourceContext":"Seq.Metastore.Native.NativeDocumentStore"}
{"@t":"2025-07-10T22:26:57.5478618Z","@mt":"Applying migration {MigrationName}","MigrationName":"Show built-in signals to new users upon creation","SourceContext":"Seq.Metastore.Native.NativeDocumentStore"}
{"@t":"2025-07-10T22:26:57.5488867Z","@mt":"Applying migration {MigrationName}","MigrationName":"Assign index ids to signals","SourceContext":"Seq.Metastore.Native.NativeDocumentStore"}
{"@t":"2025-07-10T22:26:57.5492372Z","@mt":"Applying migration {MigrationName}","MigrationName":"Pre-existing dashboards are protected by default","SourceContext":"Seq.Metastore.Native.NativeDocumentStore"}
{"@t":"2025-07-10T22:26:57.5495602Z","@mt":"Applying migration {MigrationName}","MigrationName":"Create the shared overview dashboard","SourceContext":"Seq.Metastore.Native.NativeDocumentStore"}
{"@t":"2025-07-10T22:26:57.5542304Z","@mt":"Applying migration {MigrationName}","MigrationName":"User default workspace reflects earlier view","SourceContext":"Seq.Metastore.Native.NativeDocumentStore"}
{"@t":"2025-07-10T22:26:57.5568578Z","@mt":"Creating default workspace for {UserId}","UserId":"user-admin"}
{"@t":"2025-07-10T22:26:57.5582539Z","@mt":"Applying migration {MigrationName}","MigrationName":"New user defaults include shared dashboards","SourceContext":"Seq.Metastore.Native.NativeDocumentStore"}
{"@t":"2025-07-10T22:26:57.5587830Z","@mt":"Applying migration {MigrationName}","MigrationName":"Update app invocation control properties","SourceContext":"Seq.Metastore.Native.NativeDocumentStore"}
{"@t":"2025-07-10T22:26:57.5591992Z","@mt":"Applying migration {MigrationName}","MigrationName":"Extend the built-in roles","SourceContext":"Seq.Metastore.Native.NativeDocumentStore"}
{"@t":"2025-07-10T22:26:57.5611776Z","@mt":"Applying migration {MigrationName}","MigrationName":"Set the default roles for new users","SourceContext":"Seq.Metastore.Native.NativeDocumentStore"}
{"@t":"2025-07-10T22:26:57.5614000Z","@mt":"Applying migration {MigrationName}","MigrationName":"Personal dashboards are never protected","SourceContext":"Seq.Metastore.Native.NativeDocumentStore"}
{"@t":"2025-07-10T22:26:57.5618470Z","@mt":"Applying migration {MigrationName}","MigrationName":"Remove legacy API key tokens","SourceContext":"Seq.Metastore.Native.NativeDocumentStore"}
{"@t":"2025-07-10T22:26:57.5629056Z","@mt":"Applying migration {MigrationName}","MigrationName":"Tagged properties become signal columns","SourceContext":"Seq.Metastore.Native.NativeDocumentStore"}
{"@t":"2025-07-10T22:26:57.5633752Z","@mt":"Applying migration {MigrationName}","MigrationName":"Rename the default API key","SourceContext":"Seq.Metastore.Native.NativeDocumentStore"}
{"@t":"2025-07-10T22:26:57.5636674Z","@mt":"Applying migration {MigrationName}","MigrationName":"Reorganize authentication provider settings","SourceContext":"Seq.Metastore.Native.NativeDocumentStore"}
{"@t":"2025-07-10T22:26:57.5640579Z","@mt":"Applying migration {MigrationName}","MigrationName":"modify like clause case in signal filters","SourceContext":"Seq.Metastore.Native.NativeDocumentStore"}
{"@t":"2025-07-10T22:26:57.5659612Z","@mt":"Applying migration {MigrationName}","MigrationName":"Move API key properties to input settings","SourceContext":"Seq.Metastore.Native.NativeDocumentStore"}
{"@t":"2025-07-10T22:26:57.5694722Z","@mt":"Applying migration {MigrationName}","MigrationName":"Azure Active Directory client key is protected","SourceContext":"Seq.Metastore.Native.NativeDocumentStore"}
{"@t":"2025-07-10T22:26:57.5698145Z","@mt":"Applying migration {MigrationName}","MigrationName":"Make Azure Active Directory authority runtime-configurable","SourceContext":"Seq.Metastore.Native.NativeDocumentStore"}
{"@t":"2025-07-10T22:26:57.5701592Z","@mt":"Applying migration {MigrationName}","MigrationName":"Rename app instance signal expression","SourceContext":"Seq.Metastore.Native.NativeDocumentStore"}
{"@t":"2025-07-10T22:26:57.5704595Z","@mt":"Applying migration {MigrationName}","MigrationName":"Create app instance input settings","SourceContext":"Seq.Metastore.Native.NativeDocumentStore"}
{"@t":"2025-07-10T22:26:57.5708368Z","@mt":"Applying migration {MigrationName}","MigrationName":"Timestamp the `@m = @mt` optimization removal","SourceContext":"Seq.Metastore.Native.NativeDocumentStore"}
{"@t":"2025-07-10T22:26:57.5712174Z","@mt":"Applying migration {MigrationName}","MigrationName":"Move user default signals to their default workspace","SourceContext":"Seq.Metastore.Native.NativeDocumentStore"}
{"@t":"2025-07-10T22:26:57.5716941Z","@mt":"Applying migration {MigrationName}","MigrationName":"hide legacy internal operator names","SourceContext":"Seq.Metastore.Native.NativeDocumentStore"}
{"@t":"2025-07-10T22:26:57.5723151Z","@mt":"Applying migration {MigrationName}","MigrationName":"Update stored setting names","SourceContext":"Seq.Metastore.Native.NativeDocumentStore"}
{"@t":"2025-07-10T22:26:57.5726260Z","@mt":"Applying migration {MigrationName}","MigrationName":"Convert dashboard alerts to top-level alerts","SourceContext":"Seq.Metastore.Native.NativeDocumentStore"}
{"@t":"2025-07-10T22:26:57.5737184Z","@mt":"Applying migration {MigrationName}","MigrationName":"rewrite legacy event type expressions","SourceContext":"Seq.Metastore.Native.NativeDocumentStore"}
{"@t":"2025-07-10T22:26:57.5743297Z","@mt":"Applying migration {MigrationName}","MigrationName":"rename the legacy @RenderedMessage built-in property","SourceContext":"Seq.Metastore.Native.NativeDocumentStore"}
{"@t":"2025-07-10T22:26:57.5748759Z","@mt":"Applying migration {MigrationName}","MigrationName":"rewrite legacy indexer literals","SourceContext":"Seq.Metastore.Native.NativeDocumentStore"}
{"@t":"2025-07-10T22:26:57.5764368Z","@mt":"Applying migration {MigrationName}","MigrationName":"Assign index ids to alerts_","SourceContext":"Seq.Metastore.Native.NativeDocumentStore"}
{"@t":"2025-07-10T22:26:57.5769151Z","@mt":"Applying migration {MigrationName}","MigrationName":"Remove the obsolete `Setup` permission","SourceContext":"Seq.Metastore.Native.NativeDocumentStore"}
{"@t":"2025-07-10T22:26:57.5779845Z","@mt":"Applying migration {MigrationName}","MigrationName":"Add Project Owner role","SourceContext":"Seq.Metastore.Native.NativeDocumentStore"}
{"@t":"2025-07-10T22:26:57.5785239Z","@mt":"Applying migration {MigrationName}","MigrationName":"Add the Organization Administrator role","SourceContext":"Seq.Metastore.Native.NativeDocumentStore"}
{"@t":"2025-07-10T22:26:57.5790635Z","@mt":"Applying migration {MigrationName}","MigrationName":"Escaped 2023 added keywords","SourceContext":"Seq.Metastore.Native.NativeDocumentStore"}
{"@t":"2025-07-10T22:26:57.5796724Z","@mt":"Applying migration {MigrationName}","MigrationName":"Populate IsErrorTelemetryEnabled","SourceContext":"Seq.Metastore.Native.NativeDocumentStore"}
{"@t":"2025-07-10T22:26:57.5799981Z","@mt":"Applying migration {MigrationName}","MigrationName":"Revoke or re-encode local user sessions","SourceContext":"Seq.Metastore.Native.NativeDocumentStore"}
{"@t":"2025-07-10T22:26:57.5804710Z","@mt":"Applying migration {MigrationName}","MigrationName":"shorten ingest window","SourceContext":"Seq.Metastore.Native.NativeDocumentStore"}
{"@t":"2025-07-10T22:26:57.5815482Z","@mt":"Applying migration {MigrationName}","MigrationName":"create the @TraceId index","SourceContext":"Seq.Metastore.Native.NativeDocumentStore"}
{"@t":"2025-07-10T22:26:57.5828450Z","@mt":"Applying migration {MigrationName}","MigrationName":"Create tracing signals","SourceContext":"Seq.Metastore.Native.NativeDocumentStore"}
{"@t":"2025-07-10T22:26:57.5832858Z","@mt":"Applying migration {MigrationName}","MigrationName":"Update index identifier format","SourceContext":"Seq.Metastore.Native.NativeDocumentStore"}
{"@t":"2025-07-10T22:26:57.5844752Z","@mt":"Applying migration {MigrationName}","MigrationName":"Create the @EventType index","SourceContext":"Seq.Metastore.Native.NativeDocumentStore"}
{"@t":"2025-07-10T22:26:57.5847412Z","@mt":"Applying migration {MigrationName}","MigrationName":"Migrate Azure AD settings to Entra ID names","SourceContext":"Seq.Metastore.Native.NativeDocumentStore"}
{"@t":"2025-07-10T22:26:57.5850834Z","@mt":"Applying migration {MigrationName}","MigrationName":"Move Azure Active Directory users to Entra ID","SourceContext":"Seq.Metastore.Native.NativeDocumentStore"}
{"@t":"2025-07-10T22:26:57.5855643Z","@mt":"Applying migration {MigrationName}","MigrationName":"Set descriptions on expression indexes","SourceContext":"Seq.Metastore.Native.NativeDocumentStore"}
{"@t":"2025-07-10T22:26:57.5867898Z","@mt":"Applying migration {MigrationName}","MigrationName":"Assign ids to expression indexes","SourceContext":"Seq.Metastore.Native.NativeDocumentStore"}
{"@t":"2025-07-10T22:26:57.5891892Z","@mt":"Applying migration {MigrationName}","MigrationName":"Flip index id byte ordering","SourceContext":"Seq.Metastore.Native.NativeDocumentStore"}
{"@t":"2025-07-10T22:26:57.5900035Z","@mt":"Applying migration {MigrationName}","MigrationName":"Disable legacy event schema compatibility if possible","SourceContext":"Seq.Metastore.Native.NativeDocumentStore"}
{"@t":"2025-07-10T22:26:57.5904342Z","@mt":"Applying migration {MigrationName}","MigrationName":"Fix broken new user default dashboard ids","SourceContext":"Seq.Metastore.Native.NativeDocumentStore"}
{"@t":"2025-07-10T22:26:57.5908767Z","@mt":"Applying migration {MigrationName}","MigrationName":"Clear Entra ID/OIDC sessions","SourceContext":"Seq.Metastore.Native.NativeDocumentStore"}
{"@t":"2025-07-10T22:26:57.5912676Z","@mt":"Storage subsystem available"}
{"@t":"2025-07-10T22:26:57.5929438Z","@mt":"Storing new key {FriendlyName}","FriendlyName":"key-62f56ec7-6c98-44c3-8138-aa1dd350201e"}
{"@t":"2025-07-10T22:26:57.5945428Z","@mt":"Loaded key {XmlKeyId} with friendly name {FriendlyName}","XmlKeyId":"xmlkey-18","FriendlyName":"key-62f56ec7-6c98-44c3-8138-aa1dd350201e"}
{"@t":"2025-07-10T22:26:57.5966645Z","@mt":"Ingestion enabled","SourceContext":"Seq.Engine.Cluster.NativeStorage"}
{"@t":"2025-07-10T22:27:18.9313142Z","@sp":"643f33f1c5724ee1","@tr":"2545a90975a741a51e39fadc937ce1ed","@mt":"User {Username} logged in successfully","Username":"admin","Principal":{"Id":"principal-public","OnBehalfOfUserId":null},"ActionId":"e8448693-f621-4361-a6f0-3dcc5788375f","ActionName":"Seq.Server.Web.Api.UsersController.Login (Seq)","RequestId":"0HNE003J88V9F:00000005","RequestPath":"/api/users/login","ConnectionId":"0HNE003J88V9F"}
{"@t":"2025-07-10T22:27:18.9353120Z","@sp":"643f33f1c5724ee1","@tr":"2545a90975a741a51e39fadc937ce1ed","@mt":"HTTP {RequestMethod} {RequestPath}","RequestMethod":"POST","RequestPath":"/api/users/login","StatusCode":401,"@st":"2025-07-10T22:27:18.0434760Z","@sk":"Server","SourceContext":"SerilogTracing.Instrumentation.AspNetCore","RequestId":"0HNE003J88V9F:00000005","ConnectionId":"0HNE003J88V9F"}
{"@t":"2025-07-10T22:27:27.2959082Z","@sp":"156d01f11de7af7b","@tr":"53ee14288d8aece4865fe76353850020","@mt":"User {Username} logged in successfully","Username":"admin","Principal":{"Id":"principal-public","OnBehalfOfUserId":null},"ActionId":"e8448693-f621-4361-a6f0-3dcc5788375f","ActionName":"Seq.Server.Web.Api.UsersController.Login (Seq)","RequestId":"0HNE003J88V9J:0000000C","RequestPath":"/api/users/login","ConnectionId":"0HNE003J88V9J"}
{"@t":"2025-07-10T22:27:27.2975218Z","@sp":"156d01f11de7af7b","@tr":"53ee14288d8aece4865fe76353850020","@mt":"HTTP {RequestMethod} {RequestPath}","RequestMethod":"POST","RequestPath":"/api/users/login","StatusCode":400,"@st":"2025-07-10T22:27:26.5120470Z","@sk":"Server","SourceContext":"SerilogTracing.Instrumentation.AspNetCore","RequestId":"0HNE003J88V9J:0000000C","ConnectionId":"0HNE003J88V9J"}
{"@t":"2025-07-10T22:27:31.7384033Z","@sp":"cdc7306cce678b89","@tr":"530e0f1a9f9901782aa2050718dac0f9","@mt":"User {Username} logged in successfully","Username":"admin","Principal":{"Id":"principal-public","OnBehalfOfUserId":null},"ActionId":"e8448693-f621-4361-a6f0-3dcc5788375f","ActionName":"Seq.Server.Web.Api.UsersController.Login (Seq)","RequestId":"0HNE003J88V9J:0000000E","RequestPath":"/api/users/login","ConnectionId":"0HNE003J88V9J"}
{"@t":"2025-07-10T22:27:31.7407605Z","@sp":"cdc7306cce678b89","@tr":"530e0f1a9f9901782aa2050718dac0f9","@mt":"Password change for {UserId} rejected because the new password does not meet requirements","UserId":"user-admin","Principal":{"Id":"principal-public","OnBehalfOfUserId":null},"ActionId":"e8448693-f621-4361-a6f0-3dcc5788375f","ActionName":"Seq.Server.Web.Api.UsersController.Login (Seq)","RequestId":"0HNE003J88V9J:0000000E","RequestPath":"/api/users/login","ConnectionId":"0HNE003J88V9J"}
{"@t":"2025-07-10T22:27:31.7425801Z","@sp":"cdc7306cce678b89","@tr":"530e0f1a9f9901782aa2050718dac0f9","@mt":"HTTP {RequestMethod} {RequestPath}","RequestMethod":"POST","RequestPath":"/api/users/login","StatusCode":400,"ErrorResponse":"The password must be at least 8 characters long.","@st":"2025-07-10T22:27:30.9061102Z","@sk":"Server","SourceContext":"SerilogTracing.Instrumentation.AspNetCore","RequestId":"0HNE003J88V9J:0000000E","ConnectionId":"0HNE003J88V9J"}
{"@t":"2025-07-10T22:27:41.5248683Z","@sp":"a68b36966130318c","@tr":"f552ce584e52616b6e70807638fbde8f","@mt":"User {Username} logged in successfully","Username":"admin","Principal":{"Id":"principal-public","OnBehalfOfUserId":null},"ActionId":"e8448693-f621-4361-a6f0-3dcc5788375f","ActionName":"Seq.Server.Web.Api.UsersController.Login (Seq)","RequestId":"0HNE003J88V9J:0000000F","RequestPath":"/api/users/login","ConnectionId":"0HNE003J88V9J"}
{"@t":"2025-07-10T22:27:41.7762846Z","@sp":"a68b36966130318c","@tr":"f552ce584e52616b6e70807638fbde8f","@mt":"Setting password for {UserId}","UserId":"user-admin","Principal":{"Id":"principal-public","OnBehalfOfUserId":null},"ActionId":"e8448693-f621-4361-a6f0-3dcc5788375f","ActionName":"Seq.Server.Web.Api.UsersController.Login (Seq)","RequestId":"0HNE003J88V9J:0000000F","RequestPath":"/api/users/login","ConnectionId":"0HNE003J88V9J"}
{"@t":"2025-07-10T22:27:41.7775864Z","@sp":"a68b36966130318c","@tr":"f552ce584e52616b6e70807638fbde8f","@mt":"Updating active alerts for owner {UserId}","UserId":"user-admin","SourceContext":"Seq.Server.Features.Alerting.AlertProcessor","Principal":{"Id":"principal-public","OnBehalfOfUserId":null},"ActionId":"e8448693-f621-4361-a6f0-3dcc5788375f","ActionName":"Seq.Server.Web.Api.UsersController.Login (Seq)","RequestId":"0HNE003J88V9J:0000000F","RequestPath":"/api/users/login","ConnectionId":"0HNE003J88V9J"}
{"@t":"2025-07-10T22:27:41.7831156Z","@sp":"a68b36966130318c","@tr":"f552ce584e52616b6e70807638fbde8f","@mt":"Logged in a {UserId} session","UserId":"user-admin","SourceContext":"Seq.Server.Web.Api.UsersController","Principal":{"Id":"principal-public","OnBehalfOfUserId":null},"ActionId":"e8448693-f621-4361-a6f0-3dcc5788375f","ActionName":"Seq.Server.Web.Api.UsersController.Login (Seq)","RequestId":"0HNE003J88V9J:0000000F","RequestPath":"/api/users/login","ConnectionId":"0HNE003J88V9J"}
{"@t":"2025-07-10T22:27:57.6427133Z","@sp":"11a8e3724d05aa15","@tr":"264ab808af70e4739d4cdfdfd256828a","@mt":"Creating {IndexCount} missing index definitions","IndexCount":4,"SourceContext":"Seq.Engine.Queries.DataStore"}
{"@t":"2025-07-10T22:27:57.6509584Z","@sp":"11a8e3724d05aa15","@tr":"264ab808af70e4739d4cdfdfd256828a","@mt":"Wrote {IndexSetCount} index sets","IndexSetCount":0,"SourceContext":"Seq.Server.Features.Indexing.EventStoreIndexer"}
{"@t":"2025-07-10T22:27:57.6512709Z","@sp":"11a8e3724d05aa15","@tr":"264ab808af70e4739d4cdfdfd256828a","@mt":"Indexing with {Allocated:0.000} ms allowance","@r":["600000.000"],"Allocated":600000,"@st":"2025-07-10T22:27:57.6202535Z","SourceContext":"Seq.Server.Features.Indexing.EventStoreIndexer"}
{"@t":"2025-07-10T22:28:57.6361942Z","@sp":"931d4ffefff929b8","@tr":"f11cdc2be1400250d14070f8a7092fa4","@mt":"Wrote {IndexSetCount} index sets","IndexSetCount":0,"SourceContext":"Seq.Server.Features.Indexing.EventStoreIndexer"}
{"@t":"2025-07-10T22:28:57.6376810Z","@sp":"931d4ffefff929b8","@tr":"f11cdc2be1400250d14070f8a7092fa4","@mt":"Indexing with {Allocated:0.000} ms allowance","@r":["600000.000"],"Allocated":600000,"@st":"2025-07-10T22:28:57.6206405Z","SourceContext":"Seq.Server.Features.Indexing.EventStoreIndexer"}
{"@t":"2025-07-10T22:29:51.7624105Z","@mt":"Termination signal received"}
{"@t":"2025-07-10T22:29:51.7675522Z","@mt":"Stopping {Tasks} scheduled leader tasks","Tasks":18,"SourceContext":"Seq.Server.Tasks.TaskRunner"}
{"@t":"2025-07-10T22:29:51.7691807Z","@mt":"Stopping input channel","SourceContext":"Seq.Server.Features.Apps.Inputs.InputChannel"}
{"@t":"2025-07-10T22:29:51.9395990Z","@mt":"Shutting down input channel; {AcceptedCount} queued events will be written","AcceptedCount":0,"SourceContext":"Seq.Server.Features.Apps.Inputs.InputChannel"}
{"@t":"2025-07-10T22:29:51.9406458Z","@mt":"Stopping broadcast channel","SourceContext":"Seq.Engine.Broadcast.BroadcastChannel"}
{"@t":"2025-07-10T22:29:52.9414203Z","@mt":"Shutting down broadcast channel with {AllowableFlush} flushable event batches (+{Tolerance} tolerance)","AllowableFlush":0,"Tolerance":15,"SourceContext":"Seq.Engine.Broadcast.BroadcastChannel"}
{"@t":"2025-07-10T22:29:52.9441482Z","@mt":"Stopping alert processor","SourceContext":"Seq.Server.Features.Alerting.AlertProcessor"}
{"@t":"2025-07-10T22:29:53.8467468Z","@mt":"Server stopped cleanly"}
{"@t":"2025-07-10T22:30:57.0413322Z","@mt":"Seq {SeqVersion} running on OS {OSCaption}","SeqVersion":"2025.2.14199","OSCaption":"Ubuntu 22.04.5 LTS","SourceContext":"Seq.Diagnostics.Logging.EnvironmentInformationWriter"}
{"@t":"2025-07-10T22:30:57.2592317Z","@mt":"Seq listening on {ListenUris}","ListenUris":["http://localhost/","https://localhost/","http://localhost:5341/","https://localhost:45341/"]}
{"@t":"2025-07-10T22:30:57.2649296Z","@mt":"Opening event store at {StreamPath}","StreamPath":"/data/Stream/stream.flare","SourceContext":"Seq.Engine.Cluster.NativeStorage"}
{"@t":"2025-07-10T22:30:57.2877942Z","@mt":"Opening metastore {MetastorePath}","MetastorePath":"/data/Documents/metastore.flare","SourceContext":"Seq.Metastore.Native.NativeDocumentStore"}
{"@t":"2025-07-10T22:30:57.3165205Z","@mt":"Storage subsystem available"}
{"@t":"2025-07-10T22:30:57.3201619Z","@mt":"Loaded key {XmlKeyId} with friendly name {FriendlyName}","XmlKeyId":"xmlkey-18","FriendlyName":"key-62f56ec7-6c98-44c3-8138-aa1dd350201e"}
{"@t":"2025-07-10T22:30:57.3265704Z","@mt":"Ingestion enabled","SourceContext":"Seq.Engine.Cluster.NativeStorage"}
{"@t":"2025-07-10T22:31:51.7470388Z","@mt":"Termination signal received"}
{"@t":"2025-07-10T22:31:51.7533976Z","@mt":"Stopping {Tasks} scheduled leader tasks","Tasks":18,"SourceContext":"Seq.Server.Tasks.TaskRunner"}
{"@t":"2025-07-10T22:31:51.7559909Z","@mt":"Stopping input channel","SourceContext":"Seq.Server.Features.Apps.Inputs.InputChannel"}
{"@t":"2025-07-10T22:31:52.4792668Z","@mt":"Shutting down input channel; {AcceptedCount} queued events will be written","AcceptedCount":0,"SourceContext":"Seq.Server.Features.Apps.Inputs.InputChannel"}
{"@t":"2025-07-10T22:31:52.4820586Z","@mt":"Stopping broadcast channel","SourceContext":"Seq.Engine.Broadcast.BroadcastChannel"}
{"@t":"2025-07-10T22:31:52.4856597Z","@mt":"Shutting down broadcast channel with {AllowableFlush} flushable event batches (+{Tolerance} tolerance)","AllowableFlush":0,"Tolerance":15,"SourceContext":"Seq.Engine.Broadcast.BroadcastChannel"}
{"@t":"2025-07-10T22:31:52.4872865Z","@mt":"Stopping alert processor","SourceContext":"Seq.Server.Features.Alerting.AlertProcessor"}
{"@t":"2025-07-10T22:31:53.3086780Z","@mt":"Server stopped cleanly"}
{"@t":"2025-07-10T22:32:33.7594156Z","@mt":"Seq {SeqVersion} running on OS {OSCaption}","SeqVersion":"2025.2.14199","OSCaption":"Ubuntu 22.04.5 LTS","SourceContext":"Seq.Diagnostics.Logging.EnvironmentInformationWriter"}
{"@t":"2025-07-10T22:32:33.9933368Z","@mt":"Seq listening on {ListenUris}","ListenUris":["http://localhost/","https://localhost/","http://localhost:5341/","https://localhost:45341/"]}
{"@t":"2025-07-10T22:32:33.9968080Z","@mt":"Opening event store at {StreamPath}","StreamPath":"/data/Stream/stream.flare","SourceContext":"Seq.Engine.Cluster.NativeStorage"}
{"@t":"2025-07-10T22:32:34.0128400Z","@mt":"Opening metastore {MetastorePath}","MetastorePath":"/data/Documents/metastore.flare","SourceContext":"Seq.Metastore.Native.NativeDocumentStore"}
{"@t":"2025-07-10T22:32:34.0326842Z","@mt":"Storage subsystem available"}
{"@t":"2025-07-10T22:32:34.0359640Z","@mt":"Loaded key {XmlKeyId} with friendly name {FriendlyName}","XmlKeyId":"xmlkey-18","FriendlyName":"key-62f56ec7-6c98-44c3-8138-aa1dd350201e"}
{"@t":"2025-07-10T22:32:34.0418842Z","@mt":"Ingestion enabled","SourceContext":"Seq.Engine.Cluster.NativeStorage"}
{"@t":"2025-07-10T22:33:34.1309974Z","@sp":"e8158c5959bca26f","@tr":"8d78d9531c1594e2cba92af7f0afec7b","@mt":"Wrote {IndexSetCount} index sets","IndexSetCount":0,"SourceContext":"Seq.Server.Features.Indexing.EventStoreIndexer"}
{"@t":"2025-07-10T22:33:34.1318017Z","@sp":"e8158c5959bca26f","@tr":"8d78d9531c1594e2cba92af7f0afec7b","@mt":"Indexing with {Allocated:0.000} ms allowance","@r":["600000.000"],"Allocated":600000,"@st":"2025-07-10T22:33:34.0731972Z","SourceContext":"Seq.Server.Features.Indexing.EventStoreIndexer"}
{"@t":"2025-07-10T22:33:57.3380037Z","@mt":"Termination signal received"}
{"@t":"2025-07-10T22:33:57.3419885Z","@mt":"Stopping {Tasks} scheduled leader tasks","Tasks":18,"SourceContext":"Seq.Server.Tasks.TaskRunner"}
{"@t":"2025-07-10T22:33:57.3443618Z","@mt":"Stopping input channel","SourceContext":"Seq.Server.Features.Apps.Inputs.InputChannel"}
{"@t":"2025-07-10T22:33:58.1958642Z","@mt":"Shutting down input channel; {AcceptedCount} queued events will be written","AcceptedCount":0,"SourceContext":"Seq.Server.Features.Apps.Inputs.InputChannel"}
{"@t":"2025-07-10T22:33:58.1999557Z","@mt":"Stopping broadcast channel","SourceContext":"Seq.Engine.Broadcast.BroadcastChannel"}
{"@t":"2025-07-10T22:33:59.1957842Z","@mt":"Shutting down broadcast channel with {AllowableFlush} flushable event batches (+{Tolerance} tolerance)","AllowableFlush":0,"Tolerance":15,"SourceContext":"Seq.Engine.Broadcast.BroadcastChannel"}
{"@t":"2025-07-10T22:33:59.1990414Z","@mt":"Stopping alert processor","SourceContext":"Seq.Server.Features.Alerting.AlertProcessor"}
{"@t":"2025-07-10T22:34:00.0215381Z","@mt":"Server stopped cleanly"}
{"@t":"2025-07-10T22:41:00.4918372Z","@mt":"Seq {SeqVersion} running on OS {OSCaption}","SeqVersion":"2025.2.14199","OSCaption":"Ubuntu 22.04.5 LTS","SourceContext":"Seq.Diagnostics.Logging.EnvironmentInformationWriter"}
{"@t":"2025-07-10T22:41:00.6883150Z","@mt":"Seq listening on {ListenUris}","ListenUris":["http://localhost/","https://localhost/","http://localhost:5341/","https://localhost:45341/"]}
{"@t":"2025-07-10T22:41:00.6915985Z","@mt":"Opening event store at {StreamPath}","StreamPath":"/data/Stream/stream.flare","SourceContext":"Seq.Engine.Cluster.NativeStorage"}
{"@t":"2025-07-10T22:41:00.7055513Z","@mt":"Opening metastore {MetastorePath}","MetastorePath":"/data/Documents/metastore.flare","SourceContext":"Seq.Metastore.Native.NativeDocumentStore"}
{"@t":"2025-07-10T22:41:00.7229557Z","@mt":"Storage subsystem available"}
{"@t":"2025-07-10T22:41:00.7251841Z","@mt":"Loaded key {XmlKeyId} with friendly name {FriendlyName}","XmlKeyId":"xmlkey-18","FriendlyName":"key-62f56ec7-6c98-44c3-8138-aa1dd350201e"}
{"@t":"2025-07-10T22:41:00.7293827Z","@mt":"Ingestion enabled","SourceContext":"Seq.Engine.Cluster.NativeStorage"}
{"@t":"2025-07-10T22:42:00.7734301Z","@sp":"707f5e02f5e4a1d0","@tr":"99e32d3b89d5b3898648a1736f8d41c0","@mt":"Wrote {IndexSetCount} index sets","IndexSetCount":0,"SourceContext":"Seq.Server.Features.Indexing.EventStoreIndexer"}
{"@t":"2025-07-10T22:42:00.7746626Z","@sp":"707f5e02f5e4a1d0","@tr":"99e32d3b89d5b3898648a1736f8d41c0","@mt":"Indexing with {Allocated:0.000} ms allowance","@r":["600000.000"],"Allocated":600000,"@st":"2025-07-10T22:42:00.7474594Z","SourceContext":"Seq.Server.Features.Indexing.EventStoreIndexer"}
{"@t":"2025-07-10T22:43:00.7564460Z","@sp":"2422c48810eef3e2","@tr":"ef384406272b022ce8eef93fc9a3100d","@mt":"Wrote {IndexSetCount} index sets","IndexSetCount":0,"SourceContext":"Seq.Server.Features.Indexing.EventStoreIndexer"}
{"@t":"2025-07-10T22:43:00.7573524Z","@sp":"2422c48810eef3e2","@tr":"ef384406272b022ce8eef93fc9a3100d","@mt":"Indexing with {Allocated:0.000} ms allowance","@r":["600000.000"],"Allocated":600000,"@st":"2025-07-10T22:43:00.7474213Z","SourceContext":"Seq.Server.Features.Indexing.EventStoreIndexer"}
{"@t":"2025-07-10T22:44:00.7565455Z","@sp":"b81495bc0df66319","@tr":"f75409501570bc5caaccd6f2020c7128","@mt":"Wrote {IndexSetCount} index sets","IndexSetCount":0,"SourceContext":"Seq.Server.Features.Indexing.EventStoreIndexer"}
{"@t":"2025-07-10T22:44:00.7571352Z","@sp":"b81495bc0df66319","@tr":"f75409501570bc5caaccd6f2020c7128","@mt":"Indexing with {Allocated:0.000} ms allowance","@r":["600000.000"],"Allocated":600000,"@st":"2025-07-10T22:44:00.7468818Z","SourceContext":"Seq.Server.Features.Indexing.EventStoreIndexer"}
{"@t":"2025-07-10T22:45:00.7599805Z","@sp":"2a0975f5145de898","@tr":"c0fc898edbe85b367709b275e865d5b7","@mt":"Wrote {IndexSetCount} index sets","IndexSetCount":0,"SourceContext":"Seq.Server.Features.Indexing.EventStoreIndexer"}
{"@t":"2025-07-10T22:45:00.7605558Z","@sp":"2a0975f5145de898","@tr":"c0fc898edbe85b367709b275e865d5b7","@mt":"Indexing with {Allocated:0.000} ms allowance","@r":["600000.000"],"Allocated":600000,"@st":"2025-07-10T22:45:00.7486325Z","SourceContext":"Seq.Server.Features.Indexing.EventStoreIndexer"}
{"@t":"2025-07-10T22:46:00.7569452Z","@sp":"4afd00fa0da3e961","@tr":"302c4c3c73ec9374d355e7bc0de25f19","@mt":"Wrote {IndexSetCount} index sets","IndexSetCount":0,"SourceContext":"Seq.Server.Features.Indexing.EventStoreIndexer"}
{"@t":"2025-07-10T22:46:00.7573683Z","@sp":"4afd00fa0da3e961","@tr":"302c4c3c73ec9374d355e7bc0de25f19","@mt":"Indexing with {Allocated:0.000} ms allowance","@r":["600000.000"],"Allocated":600000,"@st":"2025-07-10T22:46:00.7494315Z","SourceContext":"Seq.Server.Features.Indexing.EventStoreIndexer"}
{"@t":"2025-07-10T22:46:41.5937746Z","@mt":"Termination signal received"}
{"@t":"2025-07-10T22:46:41.5959643Z","@mt":"Stopping {Tasks} scheduled leader tasks","Tasks":18,"SourceContext":"Seq.Server.Tasks.TaskRunner"}
{"@t":"2025-07-10T22:46:41.5981153Z","@mt":"Stopping input channel","SourceContext":"Seq.Server.Features.Apps.Inputs.InputChannel"}
{"@t":"2025-07-10T22:46:42.3724391Z","@mt":"Shutting down input channel; {AcceptedCount} queued events will be written","AcceptedCount":0,"SourceContext":"Seq.Server.Features.Apps.Inputs.InputChannel"}
{"@t":"2025-07-10T22:46:42.3766765Z","@mt":"Stopping broadcast channel","SourceContext":"Seq.Engine.Broadcast.BroadcastChannel"}
{"@t":"2025-07-10T22:46:43.3745736Z","@mt":"Shutting down broadcast channel with {AllowableFlush} flushable event batches (+{Tolerance} tolerance)","AllowableFlush":0,"Tolerance":15,"SourceContext":"Seq.Engine.Broadcast.BroadcastChannel"}
{"@t":"2025-07-10T22:46:43.3767582Z","@mt":"Stopping alert processor","SourceContext":"Seq.Server.Features.Alerting.AlertProcessor"}
{"@t":"2025-07-10T22:46:44.3429918Z","@mt":"Server stopped cleanly"}
{"@t":"2025-07-10T22:46:58.1971748Z","@mt":"Seq {SeqVersion} running on OS {OSCaption}","SeqVersion":"2025.2.14199","OSCaption":"Ubuntu 22.04.5 LTS","SourceContext":"Seq.Diagnostics.Logging.EnvironmentInformationWriter"}
{"@t":"2025-07-10T22:46:58.3851223Z","@mt":"Seq listening on {ListenUris}","ListenUris":["http://localhost/","https://localhost/","http://localhost:5341/","https://localhost:45341/"]}
{"@t":"2025-07-10T22:46:58.3883526Z","@mt":"Opening event store at {StreamPath}","StreamPath":"/data/Stream/stream.flare","SourceContext":"Seq.Engine.Cluster.NativeStorage"}
{"@t":"2025-07-10T22:46:58.4010522Z","@mt":"Opening metastore {MetastorePath}","MetastorePath":"/data/Documents/metastore.flare","SourceContext":"Seq.Metastore.Native.NativeDocumentStore"}
{"@t":"2025-07-10T22:46:58.4182208Z","@mt":"Storage subsystem available"}
{"@t":"2025-07-10T22:46:58.4201962Z","@mt":"Loaded key {XmlKeyId} with friendly name {FriendlyName}","XmlKeyId":"xmlkey-18","FriendlyName":"key-62f56ec7-6c98-44c3-8138-aa1dd350201e"}
{"@t":"2025-07-10T22:46:58.4245358Z","@mt":"Ingestion enabled","SourceContext":"Seq.Engine.Cluster.NativeStorage"}
{"@t":"2025-07-10T22:47:58.4835365Z","@sp":"814d5cd1ef408820","@tr":"545c924b614e326ac1d474e277b9dd48","@mt":"Wrote {IndexSetCount} index sets","IndexSetCount":0,"SourceContext":"Seq.Server.Features.Indexing.EventStoreIndexer"}
{"@t":"2025-07-10T22:47:58.4853938Z","@sp":"814d5cd1ef408820","@tr":"545c924b614e326ac1d474e277b9dd48","@mt":"Indexing with {Allocated:0.000} ms allowance","@r":["600000.000"],"Allocated":600000,"@st":"2025-07-10T22:47:58.4463331Z","SourceContext":"Seq.Server.Features.Indexing.EventStoreIndexer"}
{"@t":"2025-07-10T22:48:58.4607802Z","@sp":"f760cdc02d2df01d","@tr":"9e826013bcf971ffd61c41678bc27451","@mt":"Wrote {IndexSetCount} index sets","IndexSetCount":0,"SourceContext":"Seq.Server.Features.Indexing.EventStoreIndexer"}
{"@t":"2025-07-10T22:48:58.4615171Z","@sp":"f760cdc02d2df01d","@tr":"9e826013bcf971ffd61c41678bc27451","@mt":"Indexing with {Allocated:0.000} ms allowance","@r":["600000.000"],"Allocated":600000,"@st":"2025-07-10T22:48:58.4471939Z","SourceContext":"Seq.Server.Features.Indexing.EventStoreIndexer"}
{"@t":"2025-07-10T22:49:58.4620982Z","@sp":"ab294f9cd916fc5a","@tr":"e9e1ed50b462c8a0dd32360b77aac7f1","@mt":"Wrote {IndexSetCount} index sets","IndexSetCount":0,"SourceContext":"Seq.Server.Features.Indexing.EventStoreIndexer"}
{"@t":"2025-07-10T22:49:58.4629225Z","@sp":"ab294f9cd916fc5a","@tr":"e9e1ed50b462c8a0dd32360b77aac7f1","@mt":"Indexing with {Allocated:0.000} ms allowance","@r":["600000.000"],"Allocated":600000,"@st":"2025-07-10T22:49:58.4492773Z","SourceContext":"Seq.Server.Features.Indexing.EventStoreIndexer"}
{"@t":"2025-07-10T22:50:27.6488826Z","@mt":"Termination signal received"}
{"@t":"2025-07-10T22:50:27.6525187Z","@mt":"Stopping {Tasks} scheduled leader tasks","Tasks":18,"SourceContext":"Seq.Server.Tasks.TaskRunner"}
{"@t":"2025-07-10T22:50:27.6570990Z","@mt":"Stopping input channel","SourceContext":"Seq.Server.Features.Apps.Inputs.InputChannel"}
{"@t":"2025-07-10T22:50:27.8992495Z","@mt":"Shutting down input channel; {AcceptedCount} queued events will be written","AcceptedCount":0,"SourceContext":"Seq.Server.Features.Apps.Inputs.InputChannel"}
{"@t":"2025-07-10T22:50:27.9003355Z","@mt":"Stopping broadcast channel","SourceContext":"Seq.Engine.Broadcast.BroadcastChannel"}
{"@t":"2025-07-10T22:50:28.9013078Z","@mt":"Shutting down broadcast channel with {AllowableFlush} flushable event batches (+{Tolerance} tolerance)","AllowableFlush":0,"Tolerance":15,"SourceContext":"Seq.Engine.Broadcast.BroadcastChannel"}
{"@t":"2025-07-10T22:50:28.9034764Z","@mt":"Stopping alert processor","SourceContext":"Seq.Server.Features.Alerting.AlertProcessor"}
{"@t":"2025-07-10T22:50:29.8448238Z","@mt":"Server stopped cleanly"}
